{"name": "test_login[user3-pass3]", "status": "failed", "statusDetails": {"message": "AssertionError: assert False", "trace": "username = 'user3', password = 'pass3'\n\n    @pytest.mark.parametrize(\"username, password\",\n                             [\n                                 ('user1', 'pass1'),\n                                 ('user2', 'pass2'),\n                                 ('user3', 'pass3'),\n                                 ('user4', 'pass4'),\n                                 ('user5', 'pass5')\n                             ]\n                             )\n    def test_login(username, password):\n        print(f\"User Name = {username} Password = {password}\")\n        if username == 'user4' and password == 'pass4':\n            assert True\n        else:\n>           assert False\nE           assert False\n\nSeleniumProgram\\test_parameterize.py:18: AssertionError"}, "attachments": [{"name": "stdout", "source": "9e45d02d-80c3-4573-bfed-12702a9e9224-attachment.txt", "type": "text/plain"}], "parameters": [{"name": "username", "value": "'user3'"}, {"name": "password", "value": "'pass3'"}], "start": 1672762896630, "stop": 1672762896633, "uuid": "7fc0fdc8-1a7e-4fa4-90cb-90cad045a780", "historyId": "5e7aff5ba1844fa1f2429f9a2239a6cc", "testCaseId": "5dbd9bcf60a8cfba0fc8c55a432a7bba", "fullName": "test_parameterize#test_login", "labels": [{"name": "suite", "value": "test_parameterize"}, {"name": "host", "value": "HP"}, {"name": "thread", "value": "24940-MainThread"}, {"name": "framework", "value": "pytest"}, {"name": "language", "value": "cpython3"}, {"name": "package", "value": "test_parameterize"}]}