{"name": "test_1", "status": "failed", "statusDetails": {"message": "AssertionError: assert 20 == 10", "trace": "@pytest.mark.smoke\n    def test_1():\n        a = 10\n        b = 10\n        result = a + b\n>       assert result == 10\nE       assert 20 == 10\n\nSeleniumProgram\\test_custom_markers.py:9: AssertionError"}, "start": 1673445886268, "stop": 1673445886268, "uuid": "cb906e99-0cb2-4186-9d23-cf1545c26524", "historyId": "44c2f205e248522010f9ac7482b98303", "testCaseId": "4bfbf2a30f84eef82c2e69bc024a0d93", "fullName": "test_custom_markers#test_1", "labels": [{"name": "tag", "value": "smoke"}, {"name": "suite", "value": "test_custom_markers"}, {"name": "host", "value": "HP"}, {"name": "thread", "value": "45852-MainThread"}, {"name": "framework", "value": "pytest"}, {"name": "language", "value": "cpython3"}, {"name": "package", "value": "test_custom_markers"}]}