{"name": "test_login[user2-pass2]", "status": "failed", "statusDetails": {"message": "AssertionError: assert False", "trace": "username = 'user2', password = 'pass2'\n\n    @pytest.mark.parametrize(\"username, password\",\n                             [\n                                 ('user1', 'pass1'),\n                                 ('user2', 'pass2'),\n                                 ('user3', 'pass3'),\n                                 ('user4', 'pass4'),\n                                 ('user5', 'pass5')\n                             ]\n                             )\n    def test_login(username, password):\n        print(f\"User Name = {username} Password = {password}\")\n        if username == 'user4' and password == 'pass4':\n            assert True\n        else:\n>           assert False\nE           assert False\n\nSeleniumProgram\\test_parameterize.py:18: AssertionError"}, "attachments": [{"name": "stdout", "source": "7ecc69dc-5dac-405c-a8f0-d5c6719d0d82-attachment.txt", "type": "text/plain"}], "parameters": [{"name": "username", "value": "'user2'"}, {"name": "password", "value": "'pass2'"}], "start": 1673446087926, "stop": 1673446087926, "uuid": "9d781167-5811-4969-b82f-04ad1709e52f", "historyId": "403cdbb5909abedee74947a452fd5940", "testCaseId": "5dbd9bcf60a8cfba0fc8c55a432a7bba", "fullName": "test_parameterize#test_login", "labels": [{"name": "suite", "value": "test_parameterize"}, {"name": "host", "value": "HP"}, {"name": "thread", "value": "33596-MainThread"}, {"name": "framework", "value": "pytest"}, {"name": "language", "value": "cpython3"}, {"name": "package", "value": "test_parameterize"}]}