{"name": "test_login[user2-pass2]", "status": "failed", "statusDetails": {"message": "AssertionError: assert False", "trace": "username = 'user2', password = 'pass2'\n\n    @pytest.mark.parametrize(\"username, password\",\n                             [\n                                 ('user1', 'pass1'),\n                                 ('user2', 'pass2'),\n                                 ('user3', 'pass3'),\n                                 ('user4', 'pass4'),\n                                 ('user5', 'pass5')\n                             ]\n                             )\n    def test_login(username, password):\n        print(f\"User Name = {username} Password = {password}\")\n        if username == 'user4' and password == 'pass4':\n            assert True\n        else:\n>           assert False\nE           assert False\n\nSeleniumProgram\\test_parameterize.py:18: AssertionError"}, "attachments": [{"name": "stdout", "source": "2b0df2a4-f817-46d9-aedc-2111086d6786-attachment.txt", "type": "text/plain"}], "parameters": [{"name": "username", "value": "'user2'"}, {"name": "password", "value": "'pass2'"}], "start": 1673445930508, "stop": 1673445930523, "uuid": "ceb4e0a9-363c-4daa-91b4-cf20843e43b8", "historyId": "403cdbb5909abedee74947a452fd5940", "testCaseId": "5dbd9bcf60a8cfba0fc8c55a432a7bba", "fullName": "test_parameterize#test_login", "labels": [{"name": "suite", "value": "test_parameterize"}, {"name": "host", "value": "HP"}, {"name": "thread", "value": "45852-MainThread"}, {"name": "framework", "value": "pytest"}, {"name": "language", "value": "cpython3"}, {"name": "package", "value": "test_parameterize"}]}