{"name": "test_login[user1-pass1]", "status": "failed", "statusDetails": {"message": "AssertionError: assert False", "trace": "username = 'user1', password = 'pass1'\n\n    @pytest.mark.parametrize(\"username, password\",\n                             [\n                                 ('user1', 'pass1'),\n                                 ('user2', 'pass2'),\n                                 ('user3', 'pass3'),\n                                 ('user4', 'pass4'),\n                                 ('user5', 'pass5')\n                             ]\n                             )\n    def test_login(username, password):\n        print(f\"User Name = {username} Password = {password}\")\n        if username == 'user4' and password == 'pass4':\n            assert True\n        else:\n>           assert False\nE           assert False\n\nSeleniumProgram\\test_parameterize.py:18: AssertionError"}, "attachments": [{"name": "stdout", "source": "1024fc67-8835-41f5-b4d6-2d478bdd8316-attachment.txt", "type": "text/plain"}], "parameters": [{"name": "username", "value": "'user1'"}, {"name": "password", "value": "'pass1'"}], "start": 1673445632236, "stop": 1673445632236, "uuid": "de3e391d-8e85-4fa2-9a97-1b9e94e65a8e", "historyId": "41d6765e94f9a7326f46ebc1899385a1", "testCaseId": "5dbd9bcf60a8cfba0fc8c55a432a7bba", "fullName": "test_parameterize#test_login", "labels": [{"name": "suite", "value": "test_parameterize"}, {"name": "host", "value": "HP"}, {"name": "thread", "value": "43844-MainThread"}, {"name": "framework", "value": "pytest"}, {"name": "language", "value": "cpython3"}, {"name": "package", "value": "test_parameterize"}]}