{"name": "test_third", "status": "failed", "statusDetails": {"message": "AssertionError: assert 20 == 10", "trace": "def test_third():\n        a = 10\n        b = 20\n    \n>       assert b == a\nE       assert 20 == 10\n\nSeleniumProgram\\test_first_program.py:19: AssertionError"}, "start": 1673446087760, "stop": 1673446087760, "uuid": "e9198e21-7654-4fec-a3dd-3cf5fa9184c9", "historyId": "67567a4ffb3647a2a1fbe8cd079035b2", "testCaseId": "036ce87eb7f9a823a3348e34ea37842e", "fullName": "test_first_program#test_third", "labels": [{"name": "suite", "value": "test_first_program"}, {"name": "host", "value": "HP"}, {"name": "thread", "value": "33596-MainThread"}, {"name": "framework", "value": "pytest"}, {"name": "language", "value": "cpython3"}, {"name": "package", "value": "test_first_program"}]}