{"name": "test_3", "status": "failed", "statusDetails": {"message": "AssertionError: assert 20 == 10", "trace": "@pytest.mark.smoke\n    def test_3():\n        a = 10\n        b = 10\n        result = a + b\n>       assert result == 10\nE       assert 20 == 10\n\nSeleniumProgram\\test_custom_markers.py:24: AssertionError"}, "start": 1673445552119, "stop": 1673445552119, "uuid": "467540bf-fadd-4704-b224-ae4cbd2e75ac", "historyId": "7eff9ae9596a3efa685b047278ae8859", "testCaseId": "da446d463b40c89072be363681a02ba3", "fullName": "test_custom_markers#test_3", "labels": [{"name": "tag", "value": "smoke"}, {"name": "suite", "value": "test_custom_markers"}, {"name": "host", "value": "HP"}, {"name": "thread", "value": "43844-MainThread"}, {"name": "framework", "value": "pytest"}, {"name": "language", "value": "cpython3"}, {"name": "package", "value": "test_custom_markers"}]}